2021-07-05 20:37:04,640  INFO [main] BaseTest65 - ================= Setting Driver =================
2021-07-05 20:37:04,643  INFO [main] BaseTest74 - Running without Doker with Headless mode: true	Browser Type: chrome
2021-07-05 20:37:06,045  INFO [main] BaseTest80 - == opening url
2021-07-05 20:37:10,270  INFO [main] BaseTest121 - ----- Valid scenario : Check whether seat selection canvas is present or not
2021-07-05 20:37:13,513  INFO [main] CommonFunctions48 - Bus Ticket Link was clicked!
2021-07-05 20:37:16,338  INFO [main] CommonFunctions52 - From Location was entered
2021-07-05 20:37:18,522  INFO [main] CommonFunctions56 - To Location was entered
2021-07-05 20:37:18,620  INFO [main] CommonFunctions60 - Date is selected
2021-07-05 20:37:22,554  INFO [main] CommonFunctions64 - Search Button is clicked
2021-07-05 20:37:22,563  INFO [main] BaseTest140 - User is on search page
2021-07-05 20:37:22,648  INFO [main] BaseTest147 - User clicked on ViewSeat Button
2021-07-05 20:37:23,301  INFO [main] BaseTest152 - Assertion Successful Canvas is Present
2021-07-05 20:37:23,301  INFO [main] BaseTest155 - ----- Successfully completed Valid scenario : Check whether seat selection canvas is present or not
2021-07-05 20:37:23,304  INFO [main] BaseTest109 - ================= Closing Driver =================
2021-07-05 20:37:23,946  INFO [main] BaseTest118 - == closed!
2021-07-05 20:37:23,949  INFO [main] BaseTest65 - ================= Setting Driver =================
2021-07-05 20:37:23,953  INFO [main] BaseTest74 - Running without Doker with Headless mode: true	Browser Type: chrome
2021-07-05 20:37:25,092  INFO [main] BaseTest80 - == opening url
2021-07-05 20:37:31,331  INFO [main] BaseTest74 - ----- Valid scenario : Check the functionality of HideSeat Button
2021-07-05 20:37:34,686  INFO [main] CommonFunctions48 - Bus Ticket Link was clicked!
2021-07-05 20:37:37,028  INFO [main] CommonFunctions52 - From Location was entered
2021-07-05 20:37:39,210  INFO [main] CommonFunctions56 - To Location was entered
2021-07-05 20:37:39,266  INFO [main] CommonFunctions60 - Date is selected
2021-07-05 20:37:42,883  INFO [main] CommonFunctions64 - Search Button is clicked
2021-07-05 20:37:42,889  INFO [main] BaseTest94 - User is on search page
2021-07-05 20:37:43,002  INFO [main] BaseTest101 - User clicked on ViewSeat Button
2021-07-05 20:37:43,614  INFO [main] BaseTest105 - User clicked on HideSeat Button
2021-07-05 20:37:43,654  INFO [main] BaseTest111 - Assertion Successful
2021-07-05 20:37:43,654  INFO [main] BaseTest114 - ----- Successfully completed Valid scenario : Check the functionality of HideSeat Button
2021-07-05 20:37:43,655  INFO [main] BaseTest109 - ================= Closing Driver =================
2021-07-05 20:37:44,292  INFO [main] BaseTest118 - == closed!
2021-07-05 20:37:44,293  INFO [main] BaseTest65 - ================= Setting Driver =================
2021-07-05 20:37:44,293  INFO [main] BaseTest74 - Running without Doker with Headless mode: true	Browser Type: chrome
2021-07-05 20:37:45,493  INFO [main] BaseTest80 - == opening url
2021-07-05 20:37:49,488  INFO [main] BaseTest31 - ----- Valid scenario : Check the functionality of ViewSeat Button
2021-07-05 20:37:51,328  INFO [main] CommonFunctions48 - Bus Ticket Link was clicked!
2021-07-05 20:37:53,866  INFO [main] CommonFunctions52 - From Location was entered
2021-07-05 20:37:56,042  INFO [main] CommonFunctions56 - To Location was entered
2021-07-05 20:37:56,097  INFO [main] CommonFunctions60 - Date is selected
2021-07-05 20:37:57,839  INFO [main] CommonFunctions64 - Search Button is clicked
2021-07-05 20:37:57,845  INFO [main] BaseTest51 - User is on search page
2021-07-05 20:37:57,923  INFO [main] BaseTest58 - User clicked on ViewSeat Button
2021-07-05 20:37:58,564  INFO [main] BaseTest64 - Assertion Successful
2021-07-05 20:37:58,565  INFO [main] BaseTest67 - ----- Successfully completed Valid scenario : Check the functionality of ViewSeat Button
2021-07-05 20:37:58,565  INFO [main] BaseTest109 - ================= Closing Driver =================
2021-07-05 20:37:59,182  INFO [main] BaseTest118 - == closed!
2021-07-05 20:37:59,187  INFO [main] BaseTest65 - ================= Setting Driver =================
2021-07-05 20:37:59,187  INFO [main] BaseTest74 - Running without Doker with Headless mode: true	Browser Type: chrome
2021-07-05 20:38:00,211  INFO [main] BaseTest80 - == opening url
2021-07-05 20:38:02,011  INFO [main] BaseTest99 - Valid Scenario : Click on Bus Hire Link
2021-07-05 20:38:04,427  INFO [main] BaseTest116 - Bus Hire Link was clicked
2021-07-05 20:38:04,460  INFO [main] BaseTest122 - User is on Bus Hire page
2021-07-05 20:38:04,461  INFO [main] BaseTest109 - ================= Closing Driver =================
2021-07-05 20:38:05,087  INFO [main] BaseTest118 - == closed!
2021-07-05 20:38:05,089  INFO [main] BaseTest65 - ================= Setting Driver =================
2021-07-05 20:38:05,089  INFO [main] BaseTest74 - Running without Doker with Headless mode: true	Browser Type: chrome
2021-07-05 20:38:06,133  INFO [main] BaseTest80 - == opening url
2021-07-05 20:38:07,876  INFO [main] BaseTest67 - Valid Scenario : Click on Bus Tickets Link
2021-07-05 20:38:10,207  INFO [main] BaseTest84 - Bus Tickets Link was clicked
2021-07-05 20:38:10,426  INFO [main] BaseTest90 - User is on Bus Tickets page
2021-07-05 20:38:10,427  INFO [main] BaseTest109 - ================= Closing Driver =================
2021-07-05 20:38:11,128  INFO [main] BaseTest118 - == closed!
2021-07-05 20:38:11,129  INFO [main] BaseTest65 - ================= Setting Driver =================
2021-07-05 20:38:11,130  INFO [main] BaseTest74 - Running without Doker with Headless mode: true	Browser Type: chrome
2021-07-05 20:38:12,260  INFO [main] BaseTest80 - == opening url
2021-07-05 20:38:14,386  INFO [main] BaseTest35 - Valid Scenario : Click on Red Bus Logo
2021-07-05 20:38:14,981  INFO [main] BaseTest52 - RedBusLogo was clicked
2021-07-05 20:38:15,074  INFO [main] BaseTest58 - User is on Home page
2021-07-05 20:38:15,075  INFO [main] BaseTest109 - ================= Closing Driver =================
2021-07-05 20:38:15,692  INFO [main] BaseTest118 - == closed!
2021-07-05 20:38:15,693  INFO [main] BaseTest65 - ================= Setting Driver =================
2021-07-05 20:38:15,693  INFO [main] BaseTest74 - Running without Doker with Headless mode: true	Browser Type: chrome
2021-07-05 20:38:16,736  INFO [main] BaseTest80 - == opening url
2021-07-05 20:38:20,972  INFO [main] BaseTest131 - Valid Scenario : Click on rPool Link
2021-07-05 20:38:22,434  INFO [main] BaseTest148 - rPool Link was clicked
2021-07-05 20:38:22,447  INFO [main] BaseTest154 - User is on rPool page
2021-07-05 20:38:22,448  INFO [main] BaseTest109 - ================= Closing Driver =================
2021-07-05 20:38:23,067  INFO [main] BaseTest118 - == closed!
2021-07-05 20:38:23,068  INFO [main] BaseTest65 - ================= Setting Driver =================
2021-07-05 20:38:23,068  INFO [main] BaseTest74 - Running without Doker with Headless mode: true	Browser Type: chrome
2021-07-05 20:38:24,105  INFO [main] BaseTest80 - == opening url
2021-07-05 20:38:29,609  INFO [main] BaseTest163 - Valid Scenario : Click on Cancel Ticket Link
2021-07-05 20:38:35,052  INFO [main] BaseTest180 - Bus Tickets Link was clicked
2021-07-05 20:38:37,028  INFO [main] BaseTest184 - Cancel Ticket Link was clicked
2021-07-05 20:38:37,045  INFO [main] BaseTest190 - User is on Cancel Ticket page
2021-07-05 20:38:37,046  INFO [main] BaseTest109 - ================= Closing Driver =================
2021-07-05 20:38:37,671  INFO [main] BaseTest118 - == closed!
2021-07-05 20:38:37,673  INFO [main] BaseTest65 - ================= Setting Driver =================
2021-07-05 20:38:37,673  INFO [main] BaseTest74 - Running without Doker with Headless mode: true	Browser Type: chrome
2021-07-05 20:38:38,801  INFO [main] BaseTest80 - == opening url
2021-07-05 20:38:46,111  INFO [main] BaseTest124 - ----- Valid scenario : Click on Donate Anonymously button and check Functionality
2021-07-05 20:38:46,209  INFO [main] BaseTest141 - Clicked on Red Bus Care Card Link
2021-07-05 20:38:47,506  INFO [main] BaseTest153 - User is on Red Bus Care Page
2021-07-05 20:38:47,558  INFO [main] BaseTest157 - Clicked on Donate Anonymously Button
2021-07-05 20:38:47,587  INFO [main] BaseTest162 - Click on Donate Anonymously Button is working.
2021-07-05 20:38:47,587  INFO [main] BaseTest165 - ----- Successfully completed Valid scenario : Click on Donate Anonymously button and check Functionality
2021-07-05 20:38:47,588  INFO [main] BaseTest109 - ================= Closing Driver =================
2021-07-05 20:38:48,172  INFO [main] BaseTest118 - == closed!
2021-07-05 20:38:48,173  INFO [main] BaseTest65 - ================= Setting Driver =================
2021-07-05 20:38:48,173  INFO [main] BaseTest74 - Running without Doker with Headless mode: true	Browser Type: chrome
2021-07-05 20:38:49,211  INFO [main] BaseTest80 - == opening url
2021-07-05 20:38:52,516  INFO [main] BaseTest232 - ----- In-Valid scenario : Clicking on Donate button without entering amount
2021-07-05 20:38:52,679  INFO [main] BaseTest250 - Clicked on Red Bus Care Card Link
2021-07-05 20:38:53,970  INFO [main] BaseTest262 - User is on Red Bus Care Page
2021-07-05 20:38:54,036  INFO [main] BaseTest266 - Clicked on Donate Anonymously Button
2021-07-05 20:38:54,077  INFO [main] BaseTest270 - Clicked on Donate Button
2021-07-05 20:38:54,081  INFO [main] BaseTest278 - Click on 200 Amount Button is working.
2021-07-05 20:38:54,097  INFO [main] BaseTest283 - ----- Successfully completed In-Valid scenario : Clicking on Donate button without entering amount
2021-07-05 20:38:54,098  INFO [main] BaseTest109 - ================= Closing Driver =================
2021-07-05 20:38:54,719  INFO [main] BaseTest118 - == closed!
2021-07-05 20:38:54,720  INFO [main] BaseTest65 - ================= Setting Driver =================
2021-07-05 20:38:54,720  INFO [main] BaseTest74 - Running without Doker with Headless mode: true	Browser Type: chrome
2021-07-05 20:38:55,748  INFO [main] BaseTest80 - == opening url
2021-07-05 20:38:59,474  INFO [main] BaseTest36 - ----- Valid scenario : Click on Red Bus Care Link on Home page
2021-07-05 20:38:59,566  INFO [main] BaseTest53 - Clicked on Red Bus Care Card Link
2021-07-05 20:39:01,538  INFO [main] BaseTest64 - User is on Red Bus Care Page
2021-07-05 20:39:01,538  INFO [main] BaseTest67 - ----- Successfully completed Valid scenario : Click on Red Bus Care Link on Home page
2021-07-05 20:39:01,539  INFO [main] BaseTest109 - ================= Closing Driver =================
2021-07-05 20:39:02,118  INFO [main] BaseTest118 - == closed!
2021-07-05 20:39:02,118  INFO [main] BaseTest65 - ================= Setting Driver =================
2021-07-05 20:39:02,118  INFO [main] BaseTest74 - Running without Doker with Headless mode: true	Browser Type: chrome
2021-07-05 20:39:03,174  INFO [main] BaseTest80 - == opening url
2021-07-05 20:39:04,721  INFO [main] BaseTest172 - ----- Valid scenario : Enter Amount and click on Donate
2021-07-05 20:39:04,990  INFO [main] BaseTest191 - Clicked on Red Bus Care Card Link
2021-07-05 20:39:06,415  INFO [main] BaseTest203 - User is on Red Bus Care Page
2021-07-05 20:39:06,513  INFO [main] BaseTest207 - Amount was entered
2021-07-05 20:39:06,552  INFO [main] BaseTest211 - Clicked on Donate Anonymously Button
2021-07-05 20:39:06,620  INFO [main] BaseTest215 - Clicked on Donate Button
2021-07-05 20:39:06,655  INFO [main] BaseTest221 - Click on 200 Amount Button is working.
2021-07-05 20:39:06,655  INFO [main] BaseTest224 - ----- Successfully completed Valid scenario : Enter Amount and click on Donate
2021-07-05 20:39:06,656  INFO [main] BaseTest109 - ================= Closing Driver =================
2021-07-05 20:39:07,243  INFO [main] BaseTest118 - == closed!
2021-07-05 20:39:07,245  INFO [main] BaseTest65 - ================= Setting Driver =================
2021-07-05 20:39:07,245  INFO [main] BaseTest74 - Running without Doker with Headless mode: true	Browser Type: chrome
2021-07-05 20:39:08,290  INFO [main] BaseTest80 - == opening url
2021-07-05 20:39:11,080  INFO [main] BaseTest74 - ----- Valid scenario : Click on 2000 Amount button and check Functionality
2021-07-05 20:39:11,194  INFO [main] BaseTest92 - Clicked on Red Bus Care Card Link
2021-07-05 20:39:12,610  INFO [main] BaseTest104 - User is on Red Bus Care Page
2021-07-05 20:39:12,689  INFO [main] BaseTest108 - Clicked on Red Bus Care Card Link
2021-07-05 20:39:12,718  INFO [main] BaseTest114 - Click on 2000 Amount Button is working.
2021-07-05 20:39:12,719  INFO [main] BaseTest117 - ----- Successfully completed Valid scenario : Click on 2000 Amount button and check Functionality
2021-07-05 20:39:12,719  INFO [main] BaseTest109 - ================= Closing Driver =================
2021-07-05 20:39:13,312  INFO [main] BaseTest118 - == closed!
2021-07-05 20:39:13,313  INFO [main] BaseTest65 - ================= Setting Driver =================
2021-07-05 20:39:13,314  INFO [main] BaseTest74 - Running without Doker with Headless mode: true	Browser Type: chrome
2021-07-05 20:39:14,374  INFO [main] BaseTest80 - == opening url
2021-07-05 20:39:15,830  INFO [main] BaseTest35 - ----- Valid scenario : Search Busses
2021-07-05 20:39:18,058  INFO [main] CommonFunctions48 - Bus Ticket Link was clicked!
2021-07-05 20:39:20,659  INFO [main] CommonFunctions52 - From Location was entered
2021-07-05 20:39:22,836  INFO [main] CommonFunctions56 - To Location was entered
2021-07-05 20:39:22,905  INFO [main] CommonFunctions60 - Date is selected
2021-07-05 20:39:24,513  INFO [main] CommonFunctions64 - Search Button is clicked
2021-07-05 20:39:24,522  INFO [main] BaseTest57 - User is on search page
2021-07-05 20:39:24,523  INFO [main] BaseTest60 - ----- Successfully completed Valid scenario : Search Busses
2021-07-05 20:39:24,523  INFO [main] BaseTest109 - ================= Closing Driver =================
2021-07-05 20:39:25,113  INFO [main] BaseTest118 - == closed!
2021-07-05 20:39:25,113  INFO [main] BaseTest65 - ================= Setting Driver =================
2021-07-05 20:39:25,113  INFO [main] BaseTest74 - Running without Doker with Headless mode: true	Browser Type: chrome
2021-07-05 20:39:26,186  INFO [main] BaseTest80 - == opening url
2021-07-05 20:39:29,443  INFO [main] BaseTest268 - ----- In-Valid scenario : Search Busses when date input is empty
2021-07-05 20:39:31,599  INFO [main] CommonFunctions48 - Bus Ticket Link was clicked!
2021-07-05 20:39:34,169  INFO [main] CommonFunctions52 - From Location was entered
2021-07-05 20:39:36,337  INFO [main] CommonFunctions56 - To Location was entered
2021-07-05 20:39:36,403  INFO [main] CommonFunctions60 - Date is selected
2021-07-05 20:39:36,466  INFO [main] CommonFunctions64 - Search Button is clicked
2021-07-05 20:39:36,473  INFO [main] BaseTest290 - User is on search page
2021-07-05 20:39:36,473  INFO [main] BaseTest293 - ----- Successfully completed In-Valid scenario : Search Busses when date input is empty
2021-07-05 20:39:36,474  INFO [main] BaseTest109 - ================= Closing Driver =================
2021-07-05 20:39:37,059  INFO [main] BaseTest118 - == closed!
2021-07-05 20:39:37,061  INFO [main] BaseTest65 - ================= Setting Driver =================
2021-07-05 20:39:37,061  INFO [main] BaseTest74 - Running without Doker with Headless mode: true	Browser Type: chrome
2021-07-05 20:39:38,087  INFO [main] BaseTest80 - == opening url
2021-07-05 20:39:39,668  INFO [main] BaseTest204 - ----- In-Valid scenario : Search Busses when destination input is invalid
2021-07-05 20:39:42,013  INFO [main] CommonFunctions48 - Bus Ticket Link was clicked!
2021-07-05 20:39:44,659  INFO [main] CommonFunctions52 - From Location was entered
2021-07-05 20:39:46,842  INFO [main] CommonFunctions56 - To Location was entered
2021-07-05 20:39:46,911  INFO [main] CommonFunctions60 - Date is selected
2021-07-05 20:39:46,973  INFO [main] CommonFunctions64 - Search Button is clicked
2021-07-05 20:39:46,984  INFO [main] BaseTest226 - User is on search page
2021-07-05 20:39:46,984  INFO [main] BaseTest229 - ----- Successfully completed In-Valid scenario : Search Busses when destination input is invalid
2021-07-05 20:39:46,985  INFO [main] BaseTest109 - ================= Closing Driver =================
2021-07-05 20:39:47,581  INFO [main] BaseTest118 - == closed!
2021-07-05 20:39:47,582  INFO [main] BaseTest65 - ================= Setting Driver =================
2021-07-05 20:39:47,582  INFO [main] BaseTest74 - Running without Doker with Headless mode: true	Browser Type: chrome
2021-07-05 20:39:48,592  INFO [main] BaseTest80 - == opening url
2021-07-05 20:39:49,839  INFO [main] BaseTest236 - ----- In-Valid scenario : Search Busses when source location input is invalid
2021-07-05 20:39:51,861  INFO [main] CommonFunctions48 - Bus Ticket Link was clicked!
2021-07-05 20:39:54,611  INFO [main] CommonFunctions52 - From Location was entered
2021-07-05 20:39:56,800  INFO [main] CommonFunctions56 - To Location was entered
2021-07-05 20:39:56,856  INFO [main] CommonFunctions60 - Date is selected
2021-07-05 20:39:56,922  INFO [main] CommonFunctions64 - Search Button is clicked
2021-07-05 20:39:56,933  INFO [main] BaseTest258 - User is on search page
2021-07-05 20:39:56,933  INFO [main] BaseTest261 - ----- Successfully completed In-Valid scenario : Search Busses when source location input is invalid
2021-07-05 20:39:56,933  INFO [main] BaseTest109 - ================= Closing Driver =================
2021-07-05 20:39:57,536  INFO [main] BaseTest118 - == closed!
2021-07-05 20:39:57,538  INFO [main] BaseTest65 - ================= Setting Driver =================
2021-07-05 20:39:57,538  INFO [main] BaseTest74 - Running without Doker with Headless mode: true	Browser Type: chrome
2021-07-05 20:39:58,559  INFO [main] BaseTest80 - == opening url
2021-07-05 20:40:01,678  INFO [main] BaseTest67 - ----- Valid scenario : Search Modification by changing date (clicking next)
2021-07-05 20:40:03,937  INFO [main] CommonFunctions48 - Bus Ticket Link was clicked!
2021-07-05 20:40:06,283  INFO [main] CommonFunctions52 - From Location was entered
2021-07-05 20:40:08,449  INFO [main] CommonFunctions56 - To Location was entered
2021-07-05 20:40:08,516  INFO [main] CommonFunctions60 - Date is selected
2021-07-05 20:40:10,579  INFO [main] CommonFunctions64 - Search Button is clicked
2021-07-05 20:40:10,643  INFO [main] BaseTest90 - Clicked on next date to modify date
2021-07-05 20:40:10,645  INFO [main] BaseTest96 - User is on search page
2021-07-05 20:40:10,646  INFO [main] BaseTest99 - ----- Successfully completed Valid scenario : Search Modification by changing date (clicking next)
2021-07-05 20:40:10,646  INFO [main] BaseTest109 - ================= Closing Driver =================
2021-07-05 20:40:11,238  INFO [main] BaseTest118 - == closed!
2021-07-05 20:40:11,238  INFO [main] BaseTest65 - ================= Setting Driver =================
2021-07-05 20:40:11,238  INFO [main] BaseTest74 - Running without Doker with Headless mode: true	Browser Type: chrome
2021-07-05 20:40:12,244  INFO [main] BaseTest80 - == opening url
2021-07-05 20:40:13,817  INFO [main] BaseTest107 - ----- Valid scenario : Search Modification by changing destination location
2021-07-05 20:40:16,423  INFO [main] CommonFunctions48 - Bus Ticket Link was clicked!
2021-07-05 20:40:18,953  INFO [main] CommonFunctions52 - From Location was entered
2021-07-05 20:40:21,130  INFO [main] CommonFunctions56 - To Location was entered
2021-07-05 20:40:21,183  INFO [main] CommonFunctions60 - Date is selected
2021-07-05 20:40:23,262  INFO [main] CommonFunctions64 - Search Button is clicked
2021-07-05 20:40:23,355  INFO [main] BaseTest130 - Clicked on modify button
2021-07-05 20:40:24,609  INFO [main] BaseTest134 - Destination location changed
2021-07-05 20:40:29,698  INFO [main] BaseTest138 - Search Button is clicked
2021-07-05 20:40:29,713  INFO [main] BaseTest144 - User is on search page
2021-07-05 20:40:29,714  INFO [main] BaseTest147 - ----- Successfully completed Valid scenario : Search Modification by changing destination location
2021-07-05 20:40:29,715  INFO [main] BaseTest109 - ================= Closing Driver =================
2021-07-05 20:40:30,346  INFO [main] BaseTest118 - == closed!
2021-07-05 20:40:30,347  INFO [main] BaseTest65 - ================= Setting Driver =================
2021-07-05 20:40:30,347  INFO [main] BaseTest74 - Running without Doker with Headless mode: true	Browser Type: chrome
2021-07-05 20:40:31,360  INFO [main] BaseTest80 - == opening url
2021-07-05 20:40:32,832  INFO [main] BaseTest155 - ----- Valid scenario : Search Modification by swiping location
2021-07-05 20:40:35,237  INFO [main] CommonFunctions48 - Bus Ticket Link was clicked!
2021-07-05 20:40:37,758  INFO [main] CommonFunctions52 - From Location was entered
2021-07-05 20:40:39,930  INFO [main] CommonFunctions56 - To Location was entered
2021-07-05 20:40:39,985  INFO [main] CommonFunctions60 - Date is selected
2021-07-05 20:40:41,682  INFO [main] CommonFunctions64 - Search Button is clicked
2021-07-05 20:40:41,777  INFO [main] BaseTest178 - Clicked on modify button
2021-07-05 20:40:41,919  INFO [main] BaseTest182 - Swipe button is clicked
2021-07-05 20:40:47,026  INFO [main] BaseTest186 - Search Button is clicked
2021-07-05 20:40:47,041  INFO [main] BaseTest192 - User is on search page
2021-07-05 20:40:47,042  INFO [main] BaseTest195 - ----- Successfully completed Valid scenario : Search Modification by swiping location
2021-07-05 20:40:47,044  INFO [main] BaseTest109 - ================= Closing Driver =================
2021-07-05 20:40:47,673  INFO [main] BaseTest118 - == closed!
